<?xml version="1.0" encoding="UTF-8"?>
<testng-results ignored="0" total="1" passed="1" failed="0" skipped="0">
  <reporter-output>
  </reporter-output>
  <suite started-at="2022-05-04T12:32:59Z" name="Default suite" finished-at="2022-05-04T12:33:30Z" duration-ms="31666">
    <groups>
      <group name="cucumber">
        <method signature="AbstractTestNGCucumberTests.runScenario(io.cucumber.testng.PickleWrapper, io.cucumber.testng.FeatureWrapper)[pri:0, instance:runner.Runnerio@6bc407fd]" name="runScenario" class="io.cucumber.testng.AbstractTestNGCucumberTests"/>
      </group> <!-- cucumber -->
    </groups>
    <test started-at="2022-05-04T12:32:59Z" name="Default test" finished-at="2022-05-04T12:33:30Z" duration-ms="31666">
      <class name="runner.Runnerio">
        <test-method is-config="true" signature="setUpClass()[pri:0, instance:runner.Runnerio@6bc407fd]" started-at="2022-05-04T12:32:59Z" name="setUpClass" finished-at="2022-05-04T12:33:01Z" duration-ms="2206" status="PASS">
          <reporter-output>
          </reporter-output>
        </test-method> <!-- setUpClass -->
        <test-method signature="runScenario(io.cucumber.testng.PickleWrapper, io.cucumber.testng.FeatureWrapper)[pri:0, instance:runner.Runnerio@6bc407fd]" started-at="2022-05-04T12:33:01Z" name="runScenario" description="Runs Cucumber Scenarios" data-provider="scenarios" finished-at="2022-05-04T12:33:30Z" duration-ms="29344" status="PASS">
          <params>
            <param index="0">
              <value>
                <![CDATA["As a user i want to login to application with valid username and password"]]>
              </value>
            </param>
            <param index="1">
              <value>
                <![CDATA["Optional[Login feature]"]]>
              </value>
            </param>
          </params>
          <reporter-output>
          </reporter-output>
        </test-method> <!-- runScenario -->
        <test-method is-config="true" signature="tearDownClass()[pri:0, instance:runner.Runnerio@6bc407fd]" started-at="2022-05-04T12:33:30Z" name="tearDownClass" finished-at="2022-05-04T12:33:30Z" duration-ms="83" status="PASS">
          <reporter-output>
          </reporter-output>
        </test-method> <!-- tearDownClass -->
      </class> <!-- runner.Runnerio -->
    </test> <!-- Default test -->
  </suite> <!-- Default suite -->
</testng-results>
